{"name": "test_a_001", "status": "failed", "statusDetails": {"message": "AssertionError: assert 1 == 0\n  +1\n  -0", "trace": "self = <Test_allure.test_001.Test_ABC object at 0x04540ED0>\n\n    @allure.step(title=\"第一个测试\")\n    def test_a_001(self):\n        allure.attach(\"这是一个描述\",\"是是\")\n>       assert 1==0\nE       assert 1 == 0\nE         +1\nE         -0\n\ntest_001.py:8: AssertionError"}, "steps": [{"name": "第一个测试", "status": "failed", "statusDetails": {"message": "AssertionError: assert 1 == 0\n  +1\n  -0\n", "trace": "  File \"c:\\users\\94895\\appdata\\local\\programs\\python\\python37-32\\lib\\site-packages\\allure_commons\\_allure.py\", line 172, in impl\n    return func(*a, **kw)\n  File \"E:\\PyProject\\Page_Object_Pro\\Test_allure\\test_001.py\", line 8, in test_a_001\n    assert 1==0\n"}, "attachments": [{"name": "是是", "source": "79abc632-ae30-456b-98a5-1ea76d5a8fbe-attachment.attach"}], "start": 1618198927425, "stop": 1618198927425}], "start": 1618198927425, "stop": 1618198927426, "uuid": "f7021c99-225a-467f-9050-a15f5c152d0f", "historyId": "92ce085208b02c8c7b9c7cab64b9e9c4", "testCaseId": "4d03389b6b0bb23b4224d58be129907c", "fullName": "Test_allure.test_001.Test_ABC#test_a_001", "labels": [{"name": "parentSuite", "value": "Test_allure"}, {"name": "suite", "value": "test_001"}, {"name": "subSuite", "value": "Test_ABC"}, {"name": "host", "value": "DESKTOP-7DP7FAF"}, {"name": "thread", "value": "14460-MainThread"}, {"name": "framework", "value": "pytest"}, {"name": "language", "value": "cpython3"}, {"name": "package", "value": "Test_allure.test_001"}]}