{"name": "test_a_001", "status": "failed", "statusDetails": {"message": "AssertionError: assert 1 == 0\n  +1\n  -0", "trace": "self = <Test_allure.test_001.Test_ABC object at 0x03C11EF0>\n\n    @allure.step(title=\"第一个测试\")\n    def test_a_001(self):\n        allure.attach(name=\"这是一个描述\",body=\"是是\")\n>       assert 1==0\nE       assert 1 == 0\nE         +1\nE         -0\n\ntest_001.py:8: AssertionError"}, "steps": [{"name": "第一个测试", "status": "failed", "statusDetails": {"message": "AssertionError: assert 1 == 0\n  +1\n  -0\n", "trace": "  File \"c:\\users\\94895\\appdata\\local\\programs\\python\\python37-32\\lib\\site-packages\\allure_commons\\_allure.py\", line 172, in impl\n    return func(*a, **kw)\n  File \"E:\\PyProject\\Page_Object_Pro\\Test_allure\\test_001.py\", line 8, in test_a_001\n    assert 1==0\n"}, "attachments": [{"name": "这是一个描述", "source": "9cd3d748-0ec4-499d-82ec-9ff046ff6894-attachment.attach"}], "start": 1618199046874, "stop": 1618199046875}], "start": 1618199046874, "stop": 1618199046875, "uuid": "506dc788-4942-4b65-862c-49799b447226", "historyId": "92ce085208b02c8c7b9c7cab64b9e9c4", "testCaseId": "4d03389b6b0bb23b4224d58be129907c", "fullName": "Test_allure.test_001.Test_ABC#test_a_001", "labels": [{"name": "parentSuite", "value": "Test_allure"}, {"name": "suite", "value": "test_001"}, {"name": "subSuite", "value": "Test_ABC"}, {"name": "host", "value": "DESKTOP-7DP7FAF"}, {"name": "thread", "value": "18544-MainThread"}, {"name": "framework", "value": "pytest"}, {"name": "language", "value": "cpython3"}, {"name": "package", "value": "Test_allure.test_001"}]}