{"name": "test_a_001", "status": "failed", "statusDetails": {"message": "AssertionError: assert 1 == 0\n  +1\n  -0", "trace": "self = <Test_allure.test_001.Test_ABC object at 0x03B60CB0>\n\n    @allure.step(title=\"第一个测试\")\n    def test_a_001(self):\n        allure.attach(\"这是一个描述\")\n>       assert 1==0\nE       assert 1 == 0\nE         +1\nE         -0\n\ntest_001.py:8: AssertionError"}, "steps": [{"name": "第一个测试", "status": "failed", "statusDetails": {"message": "AssertionError: assert 1 == 0\n  +1\n  -0\n", "trace": "  File \"c:\\users\\94895\\appdata\\local\\programs\\python\\python37-32\\lib\\site-packages\\allure_commons\\_allure.py\", line 172, in impl\n    return func(*a, **kw)\n  File \"E:\\PyProject\\Page_Object_Pro\\Test_allure\\test_001.py\", line 8, in test_a_001\n    assert 1==0\n"}, "attachments": [{"source": "aedca834-0666-47a7-bfcd-8c5aa5c11eff-attachment.attach"}], "start": 1618198741143, "stop": 1618198741144}], "start": 1618198741143, "stop": 1618198741144, "uuid": "5da08247-00ee-46c0-a655-7cb1dd260fa2", "historyId": "92ce085208b02c8c7b9c7cab64b9e9c4", "testCaseId": "4d03389b6b0bb23b4224d58be129907c", "fullName": "Test_allure.test_001.Test_ABC#test_a_001", "labels": [{"name": "parentSuite", "value": "Test_allure"}, {"name": "suite", "value": "test_001"}, {"name": "subSuite", "value": "Test_ABC"}, {"name": "host", "value": "DESKTOP-7DP7FAF"}, {"name": "thread", "value": "6984-MainThread"}, {"name": "framework", "value": "pytest"}, {"name": "language", "value": "cpython3"}, {"name": "package", "value": "Test_allure.test_001"}]}