{
  "uid" : "35053a9a091c160",
  "name" : "test_a_001",
  "fullName" : "Test_allure.test_001.Test_ABC#test_a_001",
  "historyId" : "92ce085208b02c8c7b9c7cab64b9e9c4",
  "time" : {
    "start" : 1618199418838,
    "stop" : 1618199418840,
    "duration" : 2
  },
  "status" : "failed",
  "statusMessage" : "AssertionError: assert 1 == 0\n  +1\n  -0",
  "statusTrace" : "self = <Test_allure.test_001.Test_ABC object at 0x03D7E790>\n\n    @allure.step(title=\"第一个测试\")\n    @allure.severity(allure.severity_level.CRITICAL)\n    def test_a_001(self):\n        allure.attach(name=\"这是一个描述\",body=\"是是\")\n>       assert 1==0\nE       assert 1 == 0\nE         +1\nE         -0\n\ntest_001.py:9: AssertionError",
  "flaky" : true,
  "beforeStages" : [ ],
  "testStage" : {
    "status" : "failed",
    "statusMessage" : "AssertionError: assert 1 == 0\n  +1\n  -0",
    "statusTrace" : "self = <Test_allure.test_001.Test_ABC object at 0x03D7E790>\n\n    @allure.step(title=\"第一个测试\")\n    @allure.severity(allure.severity_level.CRITICAL)\n    def test_a_001(self):\n        allure.attach(name=\"这是一个描述\",body=\"是是\")\n>       assert 1==0\nE       assert 1 == 0\nE         +1\nE         -0\n\ntest_001.py:9: AssertionError",
    "steps" : [ {
      "name" : "第一个测试",
      "time" : {
        "start" : 1618199418839,
        "stop" : 1618199418839,
        "duration" : 0
      },
      "status" : "failed",
      "statusMessage" : "AssertionError: assert 1 == 0\n  +1\n  -0\n",
      "statusTrace" : "  File \"c:\\users\\94895\\appdata\\local\\programs\\python\\python37-32\\lib\\site-packages\\allure_commons\\_allure.py\", line 172, in impl\n    return func(*a, **kw)\n  File \"E:\\PyProject\\Page_Object_Pro\\Test_allure\\test_001.py\", line 9, in test_a_001\n    assert 1==0\n",
      "steps" : [ ],
      "attachments" : [ {
        "uid" : "38b6927c4f463173",
        "name" : "这是一个描述",
        "source" : "38b6927c4f463173.attach",
        "type" : "text/plain",
        "size" : 6
      } ],
      "parameters" : [ ],
      "attachmentsCount" : 1,
      "shouldDisplayMessage" : true,
      "stepsCount" : 0,
      "hasContent" : true
    } ],
    "attachments" : [ ],
    "parameters" : [ ],
    "attachmentsCount" : 1,
    "shouldDisplayMessage" : true,
    "stepsCount" : 1,
    "hasContent" : true
  },
  "afterStages" : [ ],
  "labels" : [ {
    "name" : "severity",
    "value" : "critical"
  }, {
    "name" : "parentSuite",
    "value" : "Test_allure"
  }, {
    "name" : "suite",
    "value" : "test_001"
  }, {
    "name" : "subSuite",
    "value" : "Test_ABC"
  }, {
    "name" : "host",
    "value" : "DESKTOP-7DP7FAF"
  }, {
    "name" : "thread",
    "value" : "6164-MainThread"
  }, {
    "name" : "framework",
    "value" : "pytest"
  }, {
    "name" : "language",
    "value" : "cpython3"
  }, {
    "name" : "package",
    "value" : "Test_allure.test_001"
  }, {
    "name" : "resultFormat",
    "value" : "allure2"
  } ],
  "parameters" : [ ],
  "links" : [ ],
  "hidden" : false,
  "retry" : false,
  "extra" : {
    "severity" : "critical",
    "retries" : [ {
      "uid" : "95655b275bbdc418",
      "status" : "failed",
      "statusDetails" : "AssertionError: assert 1 == 0\n  +1\n  -0",
      "time" : {
        "start" : 1618199330783,
        "stop" : 1618199330784,
        "duration" : 1
      }
    }, {
      "uid" : "e812fdaada652f9c",
      "status" : "failed",
      "statusDetails" : "AssertionError: assert 1 == 0\n  +1\n  -0",
      "time" : {
        "start" : 1618199046874,
        "stop" : 1618199046875,
        "duration" : 1
      }
    }, {
      "uid" : "fa1aef870f537a31",
      "status" : "broken",
      "statusDetails" : "TypeError: __call__() got multiple values for argument 'body'",
      "time" : {
        "start" : 1618199012502,
        "stop" : 1618199012503,
        "duration" : 1
      }
    }, {
      "uid" : "efb5257e7ceaeda3",
      "status" : "failed",
      "statusDetails" : "AssertionError: assert 1 == 0\n  +1\n  -0",
      "time" : {
        "start" : 1618198927425,
        "stop" : 1618198927426,
        "duration" : 1
      }
    }, {
      "uid" : "84eb65e82055fd94",
      "status" : "failed",
      "statusDetails" : "AssertionError: assert 1 == 0\n  +1\n  -0",
      "time" : {
        "start" : 1618198741143,
        "stop" : 1618198741144,
        "duration" : 1
      }
    }, {
      "uid" : "b32d3d37c9e5861e",
      "status" : "failed",
      "statusDetails" : "AssertionError: assert 1 == 0\n  +1\n  -0",
      "time" : {
        "start" : 1618198469946,
        "stop" : 1618198469970,
        "duration" : 24
      }
    } ],
    "categories" : [ {
      "name" : "Product defects",
      "matchedStatuses" : [ ],
      "flaky" : false
    } ],
    "tags" : [ ]
  },
  "source" : "35053a9a091c160.json",
  "parameterValues" : [ ]
}